<?xml version="1.0" encoding="UTF-8"?>
<testng-results skipped="0" failed="1" ignored="0" total="2" passed="1">
  <reporter-output>
  </reporter-output>
  <suite name="All Test Suite" duration-ms="151295" started-at="2019-08-27T13:06:26 CST" finished-at="2019-08-27T13:08:58 CST">
    <groups>
    </groups>
    <test name="C:/Users/shulin.xu/IdeaProjects/JDSeleniumtest" duration-ms="151295" started-at="2019-08-27T13:06:26 CST" finished-at="2019-08-27T13:08:58 CST">
      <class name="com.lin.selenium.testCase.TestShopping">
        <test-method status="PASS" signature="BeforeClass()[pri:0, instance:com.lin.selenium.testCase.TestShopping@56f4468b]" name="BeforeClass" is-config="true" duration-ms="55655" started-at="2019-08-27T13:06:26 CST" finished-at="2019-08-27T13:07:22 CST">
          <reporter-output>
          </reporter-output>
        </test-method> <!-- BeforeClass -->
        <test-method status="PASS" signature="testSearchCommodity(java.lang.String, int)[pri:0, instance:com.lin.selenium.testCase.TestShopping@56f4468b]" name="testSearchCommodity" duration-ms="82574" started-at="2019-08-27T13:07:22 CST" data-provider="testData" finished-at="2019-08-27T13:08:45 CST">
          <params>
            <param index="0">
              <value>
                <![CDATA[小白兔]]>
              </value>
            </param>
            <param index="1">
              <value>
                <![CDATA[1]]>
              </value>
            </param>
          </params>
          <reporter-output>
          </reporter-output>
        </test-method> <!-- testSearchCommodity -->
        <test-method status="FAIL" signature="testSearchCommodity(java.lang.String, int)[pri:0, instance:com.lin.selenium.testCase.TestShopping@56f4468b]" name="testSearchCommodity" duration-ms="10559" started-at="2019-08-27T13:08:45 CST" data-provider="testData" finished-at="2019-08-27T13:08:55 CST">
          <params>
            <param index="0">
              <value>
                <![CDATA[抽绳背包]]>
              </value>
            </param>
            <param index="1">
              <value>
                <![CDATA[0]]>
              </value>
            </param>
          </params>
          <exception class="org.openqa.selenium.ElementClickInterceptedException">
            <message>
              <![CDATA[element click intercepted: Element <input type="button" class="button" value="搜索" clstag="clickcart|keycount|xincart|cart_search" onclick="javascript:void(0);"> is not clickable at point (1420, 85). Other element would receive the click: <div class="ui-mask" style="position: absolute; left: 0px; top: 0px; opacity: 0.15; z-index: 9998; background-color: rgb(0, 0, 0); width: 1903px; height: 1498px;"></div>
  (Session info: chrome=76.0.3809.100)
Build info: version: '3.141.59', revision: 'e82be7d358', time: '2018-11-14T08:17:03'
System info: host: 'GZCDC101403', ip: '192.168.56.1', os.name: 'Windows 8.1', os.arch: 'amd64', os.version: '6.3', java.version: '1.8.0_45'
Driver info: org.openqa.selenium.chrome.ChromeDriver
Capabilities {acceptInsecureCerts: false, browserName: chrome, browserVersion: 76.0.3809.100, chrome: {chromedriverVersion: 75.0.3770.140 (2d9f97485c7b..., userDataDir: C:\Users\shulin.xu\AppData\...}, goog:chromeOptions: {debuggerAddress: localhost:52486}, javascriptEnabled: true, networkConnectionEnabled: false, pageLoadStrategy: normal, platform: XP, platformName: XP, proxy: Proxy(), setWindowRect: true, strictFileInteractability: false, timeouts: {implicit: 0, pageLoad: 300000, script: 30000}, unhandledPromptBehavior: dismiss and notify}
Session ID: c2515857bd07ab478611ca45394a18fa]]>
            </message>
            <full-stacktrace>
              <![CDATA[org.openqa.selenium.ElementClickInterceptedException: element click intercepted: Element <input type="button" class="button" value="搜索" clstag="clickcart|keycount|xincart|cart_search" onclick="javascript:void(0);"> is not clickable at point (1420, 85). Other element would receive the click: <div class="ui-mask" style="position: absolute; left: 0px; top: 0px; opacity: 0.15; z-index: 9998; background-color: rgb(0, 0, 0); width: 1903px; height: 1498px;"></div>
  (Session info: chrome=76.0.3809.100)
Build info: version: '3.141.59', revision: 'e82be7d358', time: '2018-11-14T08:17:03'
System info: host: 'GZCDC101403', ip: '192.168.56.1', os.name: 'Windows 8.1', os.arch: 'amd64', os.version: '6.3', java.version: '1.8.0_45'
Driver info: org.openqa.selenium.chrome.ChromeDriver
Capabilities {acceptInsecureCerts: false, browserName: chrome, browserVersion: 76.0.3809.100, chrome: {chromedriverVersion: 75.0.3770.140 (2d9f97485c7b..., userDataDir: C:\Users\shulin.xu\AppData\...}, goog:chromeOptions: {debuggerAddress: localhost:52486}, javascriptEnabled: true, networkConnectionEnabled: false, pageLoadStrategy: normal, platform: XP, platformName: XP, proxy: Proxy(), setWindowRect: true, strictFileInteractability: false, timeouts: {implicit: 0, pageLoad: 300000, script: 30000}, unhandledPromptBehavior: dismiss and notify}
Session ID: c2515857bd07ab478611ca45394a18fa
at sun.reflect.NativeConstructorAccessorImpl.newInstance0(Native Method)
at sun.reflect.NativeConstructorAccessorImpl.newInstance(NativeConstructorAccessorImpl.java:62)
at sun.reflect.DelegatingConstructorAccessorImpl.newInstance(DelegatingConstructorAccessorImpl.java:45)
at java.lang.reflect.Constructor.newInstance(Constructor.java:422)
at org.openqa.selenium.remote.http.W3CHttpResponseCodec.createException(W3CHttpResponseCodec.java:187)
at org.openqa.selenium.remote.http.W3CHttpResponseCodec.decode(W3CHttpResponseCodec.java:122)
at org.openqa.selenium.remote.http.W3CHttpResponseCodec.decode(W3CHttpResponseCodec.java:49)
at org.openqa.selenium.remote.HttpCommandExecutor.execute(HttpCommandExecutor.java:158)
at org.openqa.selenium.remote.service.DriverCommandExecutor.execute(DriverCommandExecutor.java:83)
at org.openqa.selenium.remote.RemoteWebDriver.execute(RemoteWebDriver.java:552)
at org.openqa.selenium.remote.RemoteWebElement.execute(RemoteWebElement.java:285)
at org.openqa.selenium.remote.RemoteWebElement.click(RemoteWebElement.java:84)
at com.lin.selenium.page.BasePage.click(BasePage.java:38)
at com.lin.selenium.handle.SearchHandle.clickSearchIcon(SearchHandle.java:29)
at com.lin.selenium.business.SearchPro.search(SearchPro.java:20)
at com.lin.selenium.testCase.TestShopping.testSearchCommodity(TestShopping.java:25)
at sun.reflect.NativeMethodAccessorImpl.invoke0(Native Method)
at sun.reflect.NativeMethodAccessorImpl.invoke(NativeMethodAccessorImpl.java:62)
at sun.reflect.DelegatingMethodAccessorImpl.invoke(DelegatingMethodAccessorImpl.java:43)
at java.lang.reflect.Method.invoke(Method.java:497)
at org.testng.internal.MethodInvocationHelper.invokeMethod(MethodInvocationHelper.java:133)
at org.testng.internal.TestInvoker.invokeMethod(TestInvoker.java:584)
at org.testng.internal.TestInvoker.invokeTestMethod(TestInvoker.java:172)
at org.testng.internal.MethodRunner.runInSequence(MethodRunner.java:46)
at org.testng.internal.TestInvoker$MethodInvocationAgent.invoke(TestInvoker.java:804)
at org.testng.internal.TestInvoker.invokeTestMethods(TestInvoker.java:145)
at org.testng.internal.TestMethodWorker.invokeTestMethods(TestMethodWorker.java:146)
at org.testng.internal.TestMethodWorker.run(TestMethodWorker.java:128)
at java.util.concurrent.ThreadPoolExecutor.runWorker(ThreadPoolExecutor.java:1142)
at java.util.concurrent.ThreadPoolExecutor$Worker.run(ThreadPoolExecutor.java:617)
at java.lang.Thread.run(Thread.java:745)
]]>
            </full-stacktrace>
          </exception> <!-- org.openqa.selenium.ElementClickInterceptedException -->
          <reporter-output>
          </reporter-output>
        </test-method> <!-- testSearchCommodity -->
        <test-method status="PASS" signature="afterClass()[pri:0, instance:com.lin.selenium.testCase.TestShopping@56f4468b]" name="afterClass" is-config="true" duration-ms="1470" started-at="2019-08-27T13:08:56 CST" finished-at="2019-08-27T13:08:58 CST">
          <reporter-output>
          </reporter-output>
        </test-method> <!-- afterClass -->
      </class> <!-- com.lin.selenium.testCase.TestShopping -->
    </test> <!-- C:/Users/shulin.xu/IdeaProjects/JDSeleniumtest -->
  </suite> <!-- All Test Suite -->
</testng-results>
